<?xml version="1.0" encoding="UTF-8"?>
<testng-results ignored="0" total="1" passed="1" failed="0" skipped="0">
  <reporter-output>
  </reporter-output>
  <suite started-at="2024-04-22T17:16:52 IST" name="Default suite" finished-at="2024-04-22T17:17:09 IST" duration-ms="17408">
    <groups>
    </groups>
    <test started-at="2024-04-22T17:16:52 IST" name="Default test" finished-at="2024-04-22T17:17:09 IST" duration-ms="17408">
      <class name="Testpages.DashboardTest">
        <test-method is-config="true" signature="launch()[pri:0, instance:Testpages.DashboardTest@35d019a3]" started-at="2024-04-22T17:16:52 IST" name="launch" finished-at="2024-04-22T17:16:58 IST" duration-ms="6176" status="PASS">
          <reporter-output>
          </reporter-output>
        </test-method> <!-- launch -->
        <test-method signature="verifyproductlink()[pri:0, instance:Testpages.DashboardTest@35d019a3]" started-at="2024-04-22T17:16:58 IST" name="verifyproductlink" finished-at="2024-04-22T17:17:09 IST" duration-ms="11118" status="PASS">
          <reporter-output>
          </reporter-output>
        </test-method> <!-- verifyproductlink -->
      </class> <!-- Testpages.DashboardTest -->
    </test> <!-- Default test -->
  </suite> <!-- Default suite -->
</testng-results>
